[2021-02-14 16:02:12] local.ERROR: Division by zero {"exception":"[object] (ErrorException(code: 0): Division by zero at /home/amirhosein/LaravelProjects/Laravel-from-Scratch/app/Http/Controllers/ProductController.php:10)
[stacktrace]
#0 /home/amirhosein/LaravelProjects/Laravel-from-Scratch/app/Http/Controllers/ProductController.php(10): Illuminate\\Foundation\\Bootstrap\\HandleExceptions->handleError()
#1 /home/amirhosein/LaravelProjects/Laravel-from-Scratch/vendor/laravel/framework/src/Illuminate/Routing/Controller.php(54): App\\Http\\Controllers\\ProductController->index()
#2 /home/amirhosein/LaravelProjects/Laravel-from-Scratch/vendor/laravel/framework/src/Illuminate/Routing/ControllerDispatcher.php(45): Illuminate\\Routing\\Controller->callAction()
#3 /home/amirhosein/LaravelProjects/Laravel-from-Scratch/vendor/laravel/framework/src/Illuminate/Routing/Route.php(254): Illuminate\\Routing\\ControllerDispatcher->dispatch()
#4 /home/amirhosein/LaravelProjects/Laravel-from-Scratch/vendor/laravel/framework/src/Illuminate/Routing/Route.php(197): Illuminate\\Routing\\Route->runController()
#5 /home/amirhosein/LaravelProjects/Laravel-from-Scratch/vendor/laravel/framework/src/Illuminate/Routing/Router.php(692): Illuminate\\Routing\\Route->run()
#6 /home/amirhosein/LaravelProjects/Laravel-from-Scratch/vendor/laravel/framework/src/Illuminate/Pipeline/Pipeline.php(128): Illuminate\\Routing\\Router->Illuminate\\Routing\\{closure}()
#7 /home/amirhosein/LaravelProjects/Laravel-from-Scratch/vendor/laravel/framework/src/Illuminate/Routing/Middleware/SubstituteBindings.php(41): Illuminate\\Pipeline\\Pipeline->Illuminate\\Pipeline\\{closure}()
#8 /home/amirhosein/LaravelProjects/Laravel-from-Scratch/vendor/laravel/framework/src/Illuminate/Pipeline/Pipeline.php(167): Illuminate\\Routing\\Middleware\\SubstituteBindings->handle()
#9 /home/amirhosein/LaravelProjects/Laravel-from-Scratch/vendor/laravel/framework/src/Illuminate/Foundation/Http/Middleware/VerifyCsrfToken.php(78): Illuminate\\Pipeline\\Pipeline->Illuminate\\Pipeline\\{closure}()
#10 /home/amirhosein/LaravelProjects/Laravel-from-Scratch/vendor/laravel/framework/src/Illuminate/Pipeline/Pipeline.php(167): Illuminate\\Foundation\\Http\\Middleware\\VerifyCsrfToken->handle()
#11 /home/amirhosein/LaravelProjects/Laravel-from-Scratch/vendor/laravel/framework/src/Illuminate/View/Middleware/ShareErrorsFromSession.php(49): Illuminate\\Pipeline\\Pipeline->Illuminate\\Pipeline\\{closure}()
#12 /home/amirhosein/LaravelProjects/Laravel-from-Scratch/vendor/laravel/framework/src/Illuminate/Pipeline/Pipeline.php(167): Illuminate\\View\\Middleware\\ShareErrorsFromSession->handle()
#13 /home/amirhosein/LaravelProjects/Laravel-from-Scratch/vendor/laravel/framework/src/Illuminate/Session/Middleware/StartSession.php(121): Illuminate\\Pipeline\\Pipeline->Illuminate\\Pipeline\\{closure}()
#14 /home/amirhosein/LaravelProjects/Laravel-from-Scratch/vendor/laravel/framework/src/Illuminate/Session/Middleware/StartSession.php(63): Illuminate\\Session\\Middleware\\StartSession->handleStatefulRequest()
#15 /home/amirhosein/LaravelProjects/Laravel-from-Scratch/vendor/laravel/framework/src/Illuminate/Pipeline/Pipeline.php(167): Illuminate\\Session\\Middleware\\StartSession->handle()
#16 /home/amirhosein/LaravelProjects/Laravel-from-Scratch/vendor/laravel/framework/src/Illuminate/Cookie/Middleware/AddQueuedCookiesToResponse.php(37): Illuminate\\Pipeline\\Pipeline->Illuminate\\Pipeline\\{closure}()
#17 /home/amirhosein/LaravelProjects/Laravel-from-Scratch/vendor/laravel/framework/src/Illuminate/Pipeline/Pipeline.php(167): Illuminate\\Cookie\\Middleware\\AddQueuedCookiesToResponse->handle()
#18 /home/amirhosein/LaravelProjects/Laravel-from-Scratch/vendor/laravel/framework/src/Illuminate/Cookie/Middleware/EncryptCookies.php(67): Illuminate\\Pipeline\\Pipeline->Illuminate\\Pipeline\\{closure}()
#19 /home/amirhosein/LaravelProjects/Laravel-from-Scratch/vendor/laravel/framework/src/Illuminate/Pipeline/Pipeline.php(167): Illuminate\\Cookie\\Middleware\\EncryptCookies->handle()
#20 /home/amirhosein/LaravelProjects/Laravel-from-Scratch/vendor/laravel/framework/src/Illuminate/Pipeline/Pipeline.php(103): Illuminate\\Pipeline\\Pipeline->Illuminate\\Pipeline\\{closure}()
#21 /home/amirhosein/LaravelProjects/Laravel-from-Scratch/vendor/laravel/framework/src/Illuminate/Routing/Router.php(694): Illuminate\\Pipeline\\Pipeline->then()
#22 /home/amirhosein/LaravelProjects/Laravel-from-Scratch/vendor/laravel/framework/src/Illuminate/Routing/Router.php(669): Illuminate\\Routing\\Router->runRouteWithinStack()
#23 /home/amirhosein/LaravelProjects/Laravel-from-Scratch/vendor/laravel/framework/src/Illuminate/Routing/Router.php(635): Illuminate\\Routing\\Router->runRoute()
#24 /home/amirhosein/LaravelProjects/Laravel-from-Scratch/vendor/laravel/framework/src/Illuminate/Routing/Router.php(624): Illuminate\\Routing\\Router->dispatchToRoute()
#25 /home/amirhosein/LaravelProjects/Laravel-from-Scratch/vendor/laravel/framework/src/Illuminate/Foundation/Http/Kernel.php(166): Illuminate\\Routing\\Router->dispatch()
#26 /home/amirhosein/LaravelProjects/Laravel-from-Scratch/vendor/laravel/framework/src/Illuminate/Pipeline/Pipeline.php(128): Illuminate\\Foundation\\Http\\Kernel->Illuminate\\Foundation\\Http\\{closure}()
#27 /home/amirhosein/LaravelProjects/Laravel-from-Scratch/vendor/laravel/framework/src/Illuminate/Foundation/Http/Middleware/TransformsRequest.php(21): Illuminate\\Pipeline\\Pipeline->Illuminate\\Pipeline\\{closure}()
#28 /home/amirhosein/LaravelProjects/Laravel-from-Scratch/vendor/laravel/framework/src/Illuminate/Pipeline/Pipeline.php(167): Illuminate\\Foundation\\Http\\Middleware\\TransformsRequest->handle()
#29 /home/amirhosein/LaravelProjects/Laravel-from-Scratch/vendor/laravel/framework/src/Illuminate/Foundation/Http/Middleware/TransformsRequest.php(21): Illuminate\\Pipeline\\Pipeline->Illuminate\\Pipeline\\{closure}()
#30 /home/amirhosein/LaravelProjects/Laravel-from-Scratch/vendor/laravel/framework/src/Illuminate/Pipeline/Pipeline.php(167): Illuminate\\Foundation\\Http\\Middleware\\TransformsRequest->handle()
#31 /home/amirhosein/LaravelProjects/Laravel-from-Scratch/vendor/laravel/framework/src/Illuminate/Foundation/Http/Middleware/ValidatePostSize.php(27): Illuminate\\Pipeline\\Pipeline->Illuminate\\Pipeline\\{closure}()
#32 /home/amirhosein/LaravelProjects/Laravel-from-Scratch/vendor/laravel/framework/src/Illuminate/Pipeline/Pipeline.php(167): Illuminate\\Foundation\\Http\\Middleware\\ValidatePostSize->handle()
#33 /home/amirhosein/LaravelProjects/Laravel-from-Scratch/vendor/laravel/framework/src/Illuminate/Foundation/Http/Middleware/PreventRequestsDuringMaintenance.php(86): Illuminate\\Pipeline\\Pipeline->Illuminate\\Pipeline\\{closure}()
#34 /home/amirhosein/LaravelProjects/Laravel-from-Scratch/vendor/laravel/framework/src/Illuminate/Pipeline/Pipeline.php(167): Illuminate\\Foundation\\Http\\Middleware\\PreventRequestsDuringMaintenance->handle()
#35 /home/amirhosein/LaravelProjects/Laravel-from-Scratch/vendor/fruitcake/laravel-cors/src/HandleCors.php(37): Illuminate\\Pipeline\\Pipeline->Illuminate\\Pipeline\\{closure}()
#36 /home/amirhosein/LaravelProjects/Laravel-from-Scratch/vendor/laravel/framework/src/Illuminate/Pipeline/Pipeline.php(167): Fruitcake\\Cors\\HandleCors->handle()
#37 /home/amirhosein/LaravelProjects/Laravel-from-Scratch/vendor/fideloper/proxy/src/TrustProxies.php(57): Illuminate\\Pipeline\\Pipeline->Illuminate\\Pipeline\\{closure}()
#38 /home/amirhosein/LaravelProjects/Laravel-from-Scratch/vendor/laravel/framework/src/Illuminate/Pipeline/Pipeline.php(167): Fideloper\\Proxy\\TrustProxies->handle()
#39 /home/amirhosein/LaravelProjects/Laravel-from-Scratch/vendor/laravel/framework/src/Illuminate/Pipeline/Pipeline.php(103): Illuminate\\Pipeline\\Pipeline->Illuminate\\Pipeline\\{closure}()
#40 /home/amirhosein/LaravelProjects/Laravel-from-Scratch/vendor/laravel/framework/src/Illuminate/Foundation/Http/Kernel.php(141): Illuminate\\Pipeline\\Pipeline->then()
#41 /home/amirhosein/LaravelProjects/Laravel-from-Scratch/vendor/laravel/framework/src/Illuminate/Foundation/Http/Kernel.php(110): Illuminate\\Foundation\\Http\\Kernel->sendRequestThroughRouter()
#42 /home/amirhosein/LaravelProjects/Laravel-from-Scratch/public/index.php(52): Illuminate\\Foundation\\Http\\Kernel->handle()
#43 /home/amirhosein/LaravelProjects/Laravel-from-Scratch/server.php(21): require_once('/home/amirhosei...')
#44 {main}
"} 
[2021-02-14 16:06:36] local.ERROR: Division by zero {"exception":"[object] (ErrorException(code: 0): Division by zero at /home/amirhosein/LaravelProjects/Laravel-from-Scratch/app/Http/Controllers/ProductController.php:10)
[stacktrace]
#0 /home/amirhosein/LaravelProjects/Laravel-from-Scratch/app/Http/Controllers/ProductController.php(10): Illuminate\\Foundation\\Bootstrap\\HandleExceptions->handleError()
#1 /home/amirhosein/LaravelProjects/Laravel-from-Scratch/vendor/laravel/framework/src/Illuminate/Routing/Controller.php(54): App\\Http\\Controllers\\ProductController->index()
#2 /home/amirhosein/LaravelProjects/Laravel-from-Scratch/vendor/laravel/framework/src/Illuminate/Routing/ControllerDispatcher.php(45): Illuminate\\Routing\\Controller->callAction()
#3 /home/amirhosein/LaravelProjects/Laravel-from-Scratch/vendor/laravel/framework/src/Illuminate/Routing/Route.php(254): Illuminate\\Routing\\ControllerDispatcher->dispatch()
#4 /home/amirhosein/LaravelProjects/Laravel-from-Scratch/vendor/laravel/framework/src/Illuminate/Routing/Route.php(197): Illuminate\\Routing\\Route->runController()
#5 /home/amirhosein/LaravelProjects/Laravel-from-Scratch/vendor/laravel/framework/src/Illuminate/Routing/Router.php(692): Illuminate\\Routing\\Route->run()
#6 /home/amirhosein/LaravelProjects/Laravel-from-Scratch/vendor/laravel/framework/src/Illuminate/Pipeline/Pipeline.php(128): Illuminate\\Routing\\Router->Illuminate\\Routing\\{closure}()
#7 /home/amirhosein/LaravelProjects/Laravel-from-Scratch/vendor/laravel/framework/src/Illuminate/Routing/Middleware/SubstituteBindings.php(41): Illuminate\\Pipeline\\Pipeline->Illuminate\\Pipeline\\{closure}()
#8 /home/amirhosein/LaravelProjects/Laravel-from-Scratch/vendor/laravel/framework/src/Illuminate/Pipeline/Pipeline.php(167): Illuminate\\Routing\\Middleware\\SubstituteBindings->handle()
#9 /home/amirhosein/LaravelProjects/Laravel-from-Scratch/vendor/laravel/framework/src/Illuminate/Foundation/Http/Middleware/VerifyCsrfToken.php(78): Illuminate\\Pipeline\\Pipeline->Illuminate\\Pipeline\\{closure}()
#10 /home/amirhosein/LaravelProjects/Laravel-from-Scratch/vendor/laravel/framework/src/Illuminate/Pipeline/Pipeline.php(167): Illuminate\\Foundation\\Http\\Middleware\\VerifyCsrfToken->handle()
#11 /home/amirhosein/LaravelProjects/Laravel-from-Scratch/vendor/laravel/framework/src/Illuminate/View/Middleware/ShareErrorsFromSession.php(49): Illuminate\\Pipeline\\Pipeline->Illuminate\\Pipeline\\{closure}()
#12 /home/amirhosein/LaravelProjects/Laravel-from-Scratch/vendor/laravel/framework/src/Illuminate/Pipeline/Pipeline.php(167): Illuminate\\View\\Middleware\\ShareErrorsFromSession->handle()
#13 /home/amirhosein/LaravelProjects/Laravel-from-Scratch/vendor/laravel/framework/src/Illuminate/Session/Middleware/StartSession.php(121): Illuminate\\Pipeline\\Pipeline->Illuminate\\Pipeline\\{closure}()
#14 /home/amirhosein/LaravelProjects/Laravel-from-Scratch/vendor/laravel/framework/src/Illuminate/Session/Middleware/StartSession.php(63): Illuminate\\Session\\Middleware\\StartSession->handleStatefulRequest()
#15 /home/amirhosein/LaravelProjects/Laravel-from-Scratch/vendor/laravel/framework/src/Illuminate/Pipeline/Pipeline.php(167): Illuminate\\Session\\Middleware\\StartSession->handle()
#16 /home/amirhosein/LaravelProjects/Laravel-from-Scratch/vendor/laravel/framework/src/Illuminate/Cookie/Middleware/AddQueuedCookiesToResponse.php(37): Illuminate\\Pipeline\\Pipeline->Illuminate\\Pipeline\\{closure}()
#17 /home/amirhosein/LaravelProjects/Laravel-from-Scratch/vendor/laravel/framework/src/Illuminate/Pipeline/Pipeline.php(167): Illuminate\\Cookie\\Middleware\\AddQueuedCookiesToResponse->handle()
#18 /home/amirhosein/LaravelProjects/Laravel-from-Scratch/vendor/laravel/framework/src/Illuminate/Cookie/Middleware/EncryptCookies.php(67): Illuminate\\Pipeline\\Pipeline->Illuminate\\Pipeline\\{closure}()
#19 /home/amirhosein/LaravelProjects/Laravel-from-Scratch/vendor/laravel/framework/src/Illuminate/Pipeline/Pipeline.php(167): Illuminate\\Cookie\\Middleware\\EncryptCookies->handle()
#20 /home/amirhosein/LaravelProjects/Laravel-from-Scratch/vendor/laravel/framework/src/Illuminate/Pipeline/Pipeline.php(103): Illuminate\\Pipeline\\Pipeline->Illuminate\\Pipeline\\{closure}()
#21 /home/amirhosein/LaravelProjects/Laravel-from-Scratch/vendor/laravel/framework/src/Illuminate/Routing/Router.php(694): Illuminate\\Pipeline\\Pipeline->then()
#22 /home/amirhosein/LaravelProjects/Laravel-from-Scratch/vendor/laravel/framework/src/Illuminate/Routing/Router.php(669): Illuminate\\Routing\\Router->runRouteWithinStack()
#23 /home/amirhosein/LaravelProjects/Laravel-from-Scratch/vendor/laravel/framework/src/Illuminate/Routing/Router.php(635): Illuminate\\Routing\\Router->runRoute()
#24 /home/amirhosein/LaravelProjects/Laravel-from-Scratch/vendor/laravel/framework/src/Illuminate/Routing/Router.php(624): Illuminate\\Routing\\Router->dispatchToRoute()
#25 /home/amirhosein/LaravelProjects/Laravel-from-Scratch/vendor/laravel/framework/src/Illuminate/Foundation/Http/Kernel.php(166): Illuminate\\Routing\\Router->dispatch()
#26 /home/amirhosein/LaravelProjects/Laravel-from-Scratch/vendor/laravel/framework/src/Illuminate/Pipeline/Pipeline.php(128): Illuminate\\Foundation\\Http\\Kernel->Illuminate\\Foundation\\Http\\{closure}()
#27 /home/amirhosein/LaravelProjects/Laravel-from-Scratch/vendor/laravel/framework/src/Illuminate/Foundation/Http/Middleware/TransformsRequest.php(21): Illuminate\\Pipeline\\Pipeline->Illuminate\\Pipeline\\{closure}()
#28 /home/amirhosein/LaravelProjects/Laravel-from-Scratch/vendor/laravel/framework/src/Illuminate/Pipeline/Pipeline.php(167): Illuminate\\Foundation\\Http\\Middleware\\TransformsRequest->handle()
#29 /home/amirhosein/LaravelProjects/Laravel-from-Scratch/vendor/laravel/framework/src/Illuminate/Foundation/Http/Middleware/TransformsRequest.php(21): Illuminate\\Pipeline\\Pipeline->Illuminate\\Pipeline\\{closure}()
#30 /home/amirhosein/LaravelProjects/Laravel-from-Scratch/vendor/laravel/framework/src/Illuminate/Pipeline/Pipeline.php(167): Illuminate\\Foundation\\Http\\Middleware\\TransformsRequest->handle()
#31 /home/amirhosein/LaravelProjects/Laravel-from-Scratch/vendor/laravel/framework/src/Illuminate/Foundation/Http/Middleware/ValidatePostSize.php(27): Illuminate\\Pipeline\\Pipeline->Illuminate\\Pipeline\\{closure}()
#32 /home/amirhosein/LaravelProjects/Laravel-from-Scratch/vendor/laravel/framework/src/Illuminate/Pipeline/Pipeline.php(167): Illuminate\\Foundation\\Http\\Middleware\\ValidatePostSize->handle()
#33 /home/amirhosein/LaravelProjects/Laravel-from-Scratch/vendor/laravel/framework/src/Illuminate/Foundation/Http/Middleware/PreventRequestsDuringMaintenance.php(86): Illuminate\\Pipeline\\Pipeline->Illuminate\\Pipeline\\{closure}()
#34 /home/amirhosein/LaravelProjects/Laravel-from-Scratch/vendor/laravel/framework/src/Illuminate/Pipeline/Pipeline.php(167): Illuminate\\Foundation\\Http\\Middleware\\PreventRequestsDuringMaintenance->handle()
#35 /home/amirhosein/LaravelProjects/Laravel-from-Scratch/vendor/fruitcake/laravel-cors/src/HandleCors.php(37): Illuminate\\Pipeline\\Pipeline->Illuminate\\Pipeline\\{closure}()
#36 /home/amirhosein/LaravelProjects/Laravel-from-Scratch/vendor/laravel/framework/src/Illuminate/Pipeline/Pipeline.php(167): Fruitcake\\Cors\\HandleCors->handle()
#37 /home/amirhosein/LaravelProjects/Laravel-from-Scratch/vendor/fideloper/proxy/src/TrustProxies.php(57): Illuminate\\Pipeline\\Pipeline->Illuminate\\Pipeline\\{closure}()
#38 /home/amirhosein/LaravelProjects/Laravel-from-Scratch/vendor/laravel/framework/src/Illuminate/Pipeline/Pipeline.php(167): Fideloper\\Proxy\\TrustProxies->handle()
#39 /home/amirhosein/LaravelProjects/Laravel-from-Scratch/vendor/laravel/framework/src/Illuminate/Pipeline/Pipeline.php(103): Illuminate\\Pipeline\\Pipeline->Illuminate\\Pipeline\\{closure}()
#40 /home/amirhosein/LaravelProjects/Laravel-from-Scratch/vendor/laravel/framework/src/Illuminate/Foundation/Http/Kernel.php(141): Illuminate\\Pipeline\\Pipeline->then()
#41 /home/amirhosein/LaravelProjects/Laravel-from-Scratch/vendor/laravel/framework/src/Illuminate/Foundation/Http/Kernel.php(110): Illuminate\\Foundation\\Http\\Kernel->sendRequestThroughRouter()
#42 /home/amirhosein/LaravelProjects/Laravel-from-Scratch/public/index.php(52): Illuminate\\Foundation\\Http\\Kernel->handle()
#43 /home/amirhosein/LaravelProjects/Laravel-from-Scratch/server.php(21): require_once('/home/amirhosei...')
#44 {main}
"} 
[2021-02-14 16:10:56] local.ERROR: View [new_view] not found. {"exception":"[object] (InvalidArgumentException(code: 0): View [new_view] not found. at /home/amirhosein/LaravelProjects/Laravel-from-Scratch/vendor/laravel/framework/src/Illuminate/View/FileViewFinder.php:137)
[stacktrace]
#0 /home/amirhosein/LaravelProjects/Laravel-from-Scratch/vendor/laravel/framework/src/Illuminate/View/FileViewFinder.php(79): Illuminate\\View\\FileViewFinder->findInPaths()
#1 /home/amirhosein/LaravelProjects/Laravel-from-Scratch/vendor/laravel/framework/src/Illuminate/View/Factory.php(138): Illuminate\\View\\FileViewFinder->find()
#2 /home/amirhosein/LaravelProjects/Laravel-from-Scratch/vendor/laravel/framework/src/Illuminate/Foundation/helpers.php(901): Illuminate\\View\\Factory->make()
#3 /home/amirhosein/LaravelProjects/Laravel-from-Scratch/app/Http/Controllers/ProductController.php(12): view()
#4 /home/amirhosein/LaravelProjects/Laravel-from-Scratch/vendor/laravel/framework/src/Illuminate/Routing/Controller.php(54): App\\Http\\Controllers\\ProductController->index()
#5 /home/amirhosein/LaravelProjects/Laravel-from-Scratch/vendor/laravel/framework/src/Illuminate/Routing/ControllerDispatcher.php(45): Illuminate\\Routing\\Controller->callAction()
#6 /home/amirhosein/LaravelProjects/Laravel-from-Scratch/vendor/laravel/framework/src/Illuminate/Routing/Route.php(254): Illuminate\\Routing\\ControllerDispatcher->dispatch()
#7 /home/amirhosein/LaravelProjects/Laravel-from-Scratch/vendor/laravel/framework/src/Illuminate/Routing/Route.php(197): Illuminate\\Routing\\Route->runController()
#8 /home/amirhosein/LaravelProjects/Laravel-from-Scratch/vendor/laravel/framework/src/Illuminate/Routing/Router.php(692): Illuminate\\Routing\\Route->run()
#9 /home/amirhosein/LaravelProjects/Laravel-from-Scratch/vendor/laravel/framework/src/Illuminate/Pipeline/Pipeline.php(128): Illuminate\\Routing\\Router->Illuminate\\Routing\\{closure}()
#10 /home/amirhosein/LaravelProjects/Laravel-from-Scratch/vendor/laravel/framework/src/Illuminate/Routing/Middleware/SubstituteBindings.php(41): Illuminate\\Pipeline\\Pipeline->Illuminate\\Pipeline\\{closure}()
#11 /home/amirhosein/LaravelProjects/Laravel-from-Scratch/vendor/laravel/framework/src/Illuminate/Pipeline/Pipeline.php(167): Illuminate\\Routing\\Middleware\\SubstituteBindings->handle()
#12 /home/amirhosein/LaravelProjects/Laravel-from-Scratch/vendor/laravel/framework/src/Illuminate/Foundation/Http/Middleware/VerifyCsrfToken.php(78): Illuminate\\Pipeline\\Pipeline->Illuminate\\Pipeline\\{closure}()
#13 /home/amirhosein/LaravelProjects/Laravel-from-Scratch/vendor/laravel/framework/src/Illuminate/Pipeline/Pipeline.php(167): Illuminate\\Foundation\\Http\\Middleware\\VerifyCsrfToken->handle()
#14 /home/amirhosein/LaravelProjects/Laravel-from-Scratch/vendor/laravel/framework/src/Illuminate/View/Middleware/ShareErrorsFromSession.php(49): Illuminate\\Pipeline\\Pipeline->Illuminate\\Pipeline\\{closure}()
#15 /home/amirhosein/LaravelProjects/Laravel-from-Scratch/vendor/laravel/framework/src/Illuminate/Pipeline/Pipeline.php(167): Illuminate\\View\\Middleware\\ShareErrorsFromSession->handle()
#16 /home/amirhosein/LaravelProjects/Laravel-from-Scratch/vendor/laravel/framework/src/Illuminate/Session/Middleware/StartSession.php(121): Illuminate\\Pipeline\\Pipeline->Illuminate\\Pipeline\\{closure}()
#17 /home/amirhosein/LaravelProjects/Laravel-from-Scratch/vendor/laravel/framework/src/Illuminate/Session/Middleware/StartSession.php(63): Illuminate\\Session\\Middleware\\StartSession->handleStatefulRequest()
#18 /home/amirhosein/LaravelProjects/Laravel-from-Scratch/vendor/laravel/framework/src/Illuminate/Pipeline/Pipeline.php(167): Illuminate\\Session\\Middleware\\StartSession->handle()
#19 /home/amirhosein/LaravelProjects/Laravel-from-Scratch/vendor/laravel/framework/src/Illuminate/Cookie/Middleware/AddQueuedCookiesToResponse.php(37): Illuminate\\Pipeline\\Pipeline->Illuminate\\Pipeline\\{closure}()
#20 /home/amirhosein/LaravelProjects/Laravel-from-Scratch/vendor/laravel/framework/src/Illuminate/Pipeline/Pipeline.php(167): Illuminate\\Cookie\\Middleware\\AddQueuedCookiesToResponse->handle()
#21 /home/amirhosein/LaravelProjects/Laravel-from-Scratch/vendor/laravel/framework/src/Illuminate/Cookie/Middleware/EncryptCookies.php(67): Illuminate\\Pipeline\\Pipeline->Illuminate\\Pipeline\\{closure}()
#22 /home/amirhosein/LaravelProjects/Laravel-from-Scratch/vendor/laravel/framework/src/Illuminate/Pipeline/Pipeline.php(167): Illuminate\\Cookie\\Middleware\\EncryptCookies->handle()
#23 /home/amirhosein/LaravelProjects/Laravel-from-Scratch/vendor/laravel/framework/src/Illuminate/Pipeline/Pipeline.php(103): Illuminate\\Pipeline\\Pipeline->Illuminate\\Pipeline\\{closure}()
#24 /home/amirhosein/LaravelProjects/Laravel-from-Scratch/vendor/laravel/framework/src/Illuminate/Routing/Router.php(694): Illuminate\\Pipeline\\Pipeline->then()
#25 /home/amirhosein/LaravelProjects/Laravel-from-Scratch/vendor/laravel/framework/src/Illuminate/Routing/Router.php(669): Illuminate\\Routing\\Router->runRouteWithinStack()
#26 /home/amirhosein/LaravelProjects/Laravel-from-Scratch/vendor/laravel/framework/src/Illuminate/Routing/Router.php(635): Illuminate\\Routing\\Router->runRoute()
#27 /home/amirhosein/LaravelProjects/Laravel-from-Scratch/vendor/laravel/framework/src/Illuminate/Routing/Router.php(624): Illuminate\\Routing\\Router->dispatchToRoute()
#28 /home/amirhosein/LaravelProjects/Laravel-from-Scratch/vendor/laravel/framework/src/Illuminate/Foundation/Http/Kernel.php(166): Illuminate\\Routing\\Router->dispatch()
#29 /home/amirhosein/LaravelProjects/Laravel-from-Scratch/vendor/laravel/framework/src/Illuminate/Pipeline/Pipeline.php(128): Illuminate\\Foundation\\Http\\Kernel->Illuminate\\Foundation\\Http\\{closure}()
#30 /home/amirhosein/LaravelProjects/Laravel-from-Scratch/vendor/laravel/framework/src/Illuminate/Foundation/Http/Middleware/TransformsRequest.php(21): Illuminate\\Pipeline\\Pipeline->Illuminate\\Pipeline\\{closure}()
#31 /home/amirhosein/LaravelProjects/Laravel-from-Scratch/vendor/laravel/framework/src/Illuminate/Pipeline/Pipeline.php(167): Illuminate\\Foundation\\Http\\Middleware\\TransformsRequest->handle()
#32 /home/amirhosein/LaravelProjects/Laravel-from-Scratch/vendor/laravel/framework/src/Illuminate/Foundation/Http/Middleware/TransformsRequest.php(21): Illuminate\\Pipeline\\Pipeline->Illuminate\\Pipeline\\{closure}()
#33 /home/amirhosein/LaravelProjects/Laravel-from-Scratch/vendor/laravel/framework/src/Illuminate/Pipeline/Pipeline.php(167): Illuminate\\Foundation\\Http\\Middleware\\TransformsRequest->handle()
#34 /home/amirhosein/LaravelProjects/Laravel-from-Scratch/vendor/laravel/framework/src/Illuminate/Foundation/Http/Middleware/ValidatePostSize.php(27): Illuminate\\Pipeline\\Pipeline->Illuminate\\Pipeline\\{closure}()
#35 /home/amirhosein/LaravelProjects/Laravel-from-Scratch/vendor/laravel/framework/src/Illuminate/Pipeline/Pipeline.php(167): Illuminate\\Foundation\\Http\\Middleware\\ValidatePostSize->handle()
#36 /home/amirhosein/LaravelProjects/Laravel-from-Scratch/vendor/laravel/framework/src/Illuminate/Foundation/Http/Middleware/PreventRequestsDuringMaintenance.php(86): Illuminate\\Pipeline\\Pipeline->Illuminate\\Pipeline\\{closure}()
#37 /home/amirhosein/LaravelProjects/Laravel-from-Scratch/vendor/laravel/framework/src/Illuminate/Pipeline/Pipeline.php(167): Illuminate\\Foundation\\Http\\Middleware\\PreventRequestsDuringMaintenance->handle()
#38 /home/amirhosein/LaravelProjects/Laravel-from-Scratch/vendor/fruitcake/laravel-cors/src/HandleCors.php(37): Illuminate\\Pipeline\\Pipeline->Illuminate\\Pipeline\\{closure}()
#39 /home/amirhosein/LaravelProjects/Laravel-from-Scratch/vendor/laravel/framework/src/Illuminate/Pipeline/Pipeline.php(167): Fruitcake\\Cors\\HandleCors->handle()
#40 /home/amirhosein/LaravelProjects/Laravel-from-Scratch/vendor/fideloper/proxy/src/TrustProxies.php(57): Illuminate\\Pipeline\\Pipeline->Illuminate\\Pipeline\\{closure}()
#41 /home/amirhosein/LaravelProjects/Laravel-from-Scratch/vendor/laravel/framework/src/Illuminate/Pipeline/Pipeline.php(167): Fideloper\\Proxy\\TrustProxies->handle()
#42 /home/amirhosein/LaravelProjects/Laravel-from-Scratch/vendor/laravel/framework/src/Illuminate/Pipeline/Pipeline.php(103): Illuminate\\Pipeline\\Pipeline->Illuminate\\Pipeline\\{closure}()
#43 /home/amirhosein/LaravelProjects/Laravel-from-Scratch/vendor/laravel/framework/src/Illuminate/Foundation/Http/Kernel.php(141): Illuminate\\Pipeline\\Pipeline->then()
#44 /home/amirhosein/LaravelProjects/Laravel-from-Scratch/vendor/laravel/framework/src/Illuminate/Foundation/Http/Kernel.php(110): Illuminate\\Foundation\\Http\\Kernel->sendRequestThroughRouter()
#45 /home/amirhosein/LaravelProjects/Laravel-from-Scratch/public/index.php(52): Illuminate\\Foundation\\Http\\Kernel->handle()
#46 /home/amirhosein/LaravelProjects/Laravel-from-Scratch/server.php(21): require_once('/home/amirhosei...')
#47 {main}
"} 
